#-----------------------------------------------------------
# Vivado v2013.3 (64-bit)
# SW Build 329390 on Wed Oct 16 18:37:02 MDT 2013
# IP Build 192953 on Wed Oct 16 08:44:02 MDT 2013
# Start of session at: Mon Jan 06 21:14:32 2014
# Process ID: 5172
# Log file: E:/DSPIC_final/vivado.log
# Journal file: E:/DSPIC_final\vivado.jou
#-----------------------------------------------------------
INFO: [Common 17-78] Attempting to get a license: Implementation
INFO: [Common 17-86] Your Implementation license expires in 4 day(s)
INFO: [Common 17-81] Feature available: Implementation
INFO: [Device 21-36] Loading parts and site information from D:/Xilinx/Vivado/2013.3/data/parts/arch.xml
Parsing RTL primitives file [D:/Xilinx/Vivado/2013.3/data/parts/xilinx/rtl/prims/rtl_prims.xml]
Finished parsing RTL primitives file [D:/Xilinx/Vivado/2013.3/data/parts/xilinx/rtl/prims/rtl_prims.xml]
start_gui
open_project {E:\DSPIC_final\DSPIC_final.xpr}
INFO: [Project 1-313] Project file moved from 'E:/Leo/DSPIC_final' since last save.
Scanning sources...
Finished scanning sources
exit
INFO: [Common 17-206] Exiting Vivado at Mon Jan 06 21:14:55 2014...
