Copyright 1986-1999, 2001-2013 Xilinx, Inc. All Rights Reserved.
-----------------------------------------------------------------------------------------------------------------------------------------------
| Tool Version     : Vivado v.2013.3 (win64) Build 329390 Wed Oct 16 18:37:02 MDT 2013
| Date             : Fri Jan 17 16:48:37 2014
| Host             : Membrane-PC running 64-bit Service Pack 1  (build 7601)
| Command          : report_power -file flp32_complex_subtracter_power_routed.rpt -pb flp32_complex_subtracter_power_summary_routed.pb
| Design           : flp32_complex_subtracter
| Device           : xa7a100tcsg324-1Q
| Design State     : Routed
| Grade            : q-grade
| Process          : typical
| Characterization : Production
-----------------------------------------------------------------------------------------------------------------------------------------------

Power Report

Table of Contents
-----------------
1. Summary
1.1 On-Chip Components
1.2 Power Supply Summary
1.3 Confidence Level
2. Settings
2.1 Environment
2.2 Clock Constraints
3. Detailed Reports
3.1 By Hierarchy

1. Summary
----------

+--------------------------+-------+
| Total On-Chip Power (W)  | 0.091 |
| Dynamic (W)              | 0.000 |
| Device Static (W)        | 0.091 |
| Effective TJA (C/W)      | 4.6   |
| Max Ambient (C)          | 124.6 |
| Junction Temperature (C) | 25.4  |
| Confidence Level         | Low   |
| Setting File             | ---   |
| Simulation Activity File | ---   |
| Design Nets Matched      | NA    |
+--------------------------+-------+


1.1 On-Chip Components
----------------------

+----------------+-----------+----------+-----------+-----------------+
| On-Chip        | Power (W) | Used     | Available | Utilization (%) |
+----------------+-----------+----------+-----------+-----------------+
| Clocks         |     0.000 |        2 |       --- |             --- |
| Slice Logic    |     0.000 |     1816 |       --- |             --- |
|   LUT as Logic |     0.000 |     1412 |     63400 |            2.23 |
|   F7/F8 Muxes  |     0.000 |       38 |     63400 |            0.06 |
|   CARRY4       |     0.000 |       98 |     15850 |            0.62 |
|   Others       |     0.000 |       10 |       --- |             --- |
|   Register     |     0.000 |       44 |    126800 |            0.03 |
| Signals        |     0.000 |     1592 |       --- |             --- |
| I/O            |     0.000 |      192 |       210 |           91.43 |
| Static Power   |     0.091 |          |           |                 |
| Total          |     0.091 |          |           |                 |
+----------------+-----------+----------+-----------+-----------------+


1.2 Power Supply Summary
------------------------

+-----------+-------------+-----------+-------------+------------+
| Source    | Voltage (V) | Total (A) | Dynamic (A) | Static (A) |
+-----------+-------------+-----------+-------------+------------+
| Vccint    |       1.000 |     0.015 |       0.000 |      0.015 |
| Vccaux    |       1.800 |     0.018 |       0.000 |      0.018 |
| Vcco33    |       3.300 |     0.000 |       0.000 |      0.000 |
| Vcco25    |       2.500 |     0.000 |       0.000 |      0.000 |
| Vcco18    |       1.800 |     0.004 |       0.000 |      0.004 |
| Vcco15    |       1.500 |     0.000 |       0.000 |      0.000 |
| Vcco135   |       1.350 |     0.000 |       0.000 |      0.000 |
| Vcco12    |       1.200 |     0.000 |       0.000 |      0.000 |
| Vccaux_io |       0.000 |     0.000 |       0.000 |      0.000 |
| Vccbram   |       1.000 |     0.000 |       0.000 |      0.000 |
| MGTAVcc   |       1.000 |     0.000 |       0.000 |      0.000 |
| MGTAVtt   |       1.200 |     0.000 |       0.000 |      0.000 |
| Vccadc    |       1.800 |     0.020 |       0.000 |      0.020 |
+-----------+-------------+-----------+-------------+------------+


1.3 Confidence Level
--------------------

+-----------------------------+------------+--------------------------------------------------------+--------------------------------------------------------------------------------------------------------------------+
| User Input Data             | Confidence | Details                                                | Action                                                                                                             |
+-----------------------------+------------+--------------------------------------------------------+--------------------------------------------------------------------------------------------------------------------+
| Design implementation state | High       | Design is completely routed                            |                                                                                                                    |
| Clock nodes activity        | Low        | User specified less than 75% of clocks                 | Provide missing clock activity with a constraint file, simulation results or by editing the "By Clock Domain" view |
| I/O nodes activity          | Low        | More than 75% of inputs are missing user specification | Provide missing input activity with simulation results or by editing the "By Resource Type -> I/Os" view           |
| Internal nodes activity     | Medium     | User specified less than 25% of internal nodes         | Provide missing internal nodes activity with simulation results or by editing the "By Resource Type" views         |
| Device models               | High       | Device models are Production                           |                                                                                                                    |
|                             |            |                                                        |                                                                                                                    |
| Overall confidence level    | Low        |                                                        |                                                                                                                    |
+-----------------------------+------------+--------------------------------------------------------+--------------------------------------------------------------------------------------------------------------------+


2. Settings
-----------

2.1 Environment
---------------

+-----------------------+--------------------------+
| Ambient Temp (C)      | 25.0                     |
| ThetaJA (C/W)         | 4.6                      |
| Airflow (LFM)         | 250                      |
| Heat Sink             | medium (Medium Profile)  |
| ThetaSA (C/W)         | 4.6                      |
| Board Selection       | medium (10"x10")         |
| # of Board Layers     | 12to15 (12 to 15 Layers) |
| Board Temperature (C) | 25.0                     |
+-----------------------+--------------------------+


2.2 Clock Constraints
---------------------

+--------------------------------------------+--------------------------------------------+-----------------+
| Clock                                      | Domain                                     | Constraint (ns) |
+--------------------------------------------+--------------------------------------------+-----------------+
| flp32_sub0/add_1/n_0_R_temp_reg[21]_i_1    | flp32_sub0/add_1/n_0_R_temp_reg[21]_i_1    |             1.$ |
| flp32_sub1/add_1/n_0_R_temp_reg[21]_i_1__0 | flp32_sub1/add_1/n_0_R_temp_reg[21]_i_1__0 |             1.$ |
+--------------------------------------------+--------------------------------------------+-----------------+


3. Detailed Reports
-------------------

3.1 By Hierarchy
----------------

+--------------------------+-----------+
| Name                     | Power (W) |
+--------------------------+-----------+
| flp32_complex_subtracter |     0.000 |
|   flp32_sub0             |     0.000 |
|     add_1                |     0.000 |
|   flp32_sub1             |     0.000 |
|     add_1                |     0.000 |
+--------------------------+-----------+


